============================
[debug] Begin to login ...

[error] :.:.:.:.: Except return :.:.:.:.:
[error] Python Error: 
 Traceback (most recent call last):
  File "Actions/checkin.py", line 81, in <module>
    csrfToken = csrfToken.pop().attrib["content"]
IndexError: pop from empty list

:.:.:.:.: Finally :.:.:.:.:
[info] Notification sended at 2022-02-11 11:39:18 Friday
[info] Task Finished at 2022-02-11 11:39:18 Friday
============================

============================
[debug] Begin to login ...

[error] :.:.:.:.: Except return :.:.:.:.:
[error] Python Error: 
 Traceback (most recent call last):
  File "Actions/checkin.py", line 81, in <module>
    csrfToken = csrfToken.pop().attrib["content"]
IndexError: pop from empty list

:.:.:.:.: Finally :.:.:.:.:
[info] Notification sended at 2022-02-11 11:44:43 Friday
[info] Task Finished at 2022-02-11 11:44:43 Friday
============================

============================
[debug] Begin to login ...

[error] :.:.:.:.: Except return :.:.:.:.:
[error] Python Error: 
 Traceback (most recent call last):
  File "Actions/checkin.py", line 81, in <module>
    csrfToken = csrfToken.pop().attrib["content"]
IndexError: pop from empty list

:.:.:.:.: Finally :.:.:.:.:
[info] Notification sended at 2022-02-12 07:08:48 Saturday
[info] Task Finished at 2022-02-12 07:08:48 Saturday
============================

============================
[debug] Begin to login ...

[error] :.:.:.:.: Except return :.:.:.:.:
[error] Python Error: 
 Traceback (most recent call last):
  File "Actions/checkin.py", line 81, in <module>
    csrfToken = csrfToken.pop().attrib["content"]
IndexError: pop from empty list

:.:.:.:.: Finally :.:.:.:.:
[info] Notification sended at 2022-02-12 08:37:12 Saturday
[info] Task Finished at 2022-02-12 08:37:12 Saturday
============================

============================
[debug] Begin to login ...

[error] :.:.:.:.: Except return :.:.:.:.:
[error] Python Error: 
 Traceback (most recent call last):
  File "Actions/checkin.py", line 81, in <module>
    csrfToken = csrfToken.pop().attrib["content"]
IndexError: pop from empty list

:.:.:.:.: Finally :.:.:.:.:
[info] Notification sended at 2022-02-13 07:08:47 Sunday
[info] Task Finished at 2022-02-13 07:08:47 Sunday
============================

============================
[debug] Begin to login ...

[error] :.:.:.:.: Except return :.:.:.:.:
[error] Python Error: 
 Traceback (most recent call last):
  File "Actions/checkin.py", line 81, in <module>
    csrfToken = csrfToken.pop().attrib["content"]
IndexError: pop from empty list

:.:.:.:.: Finally :.:.:.:.:
[info] Notification sended at 2022-02-13 08:37:49 Sunday
[info] Task Finished at 2022-02-13 08:37:49 Sunday
============================

============================
[debug] Begin to login ...

[error] :.:.:.:.: Except return :.:.:.:.:
[error] Python Error: 
 Traceback (most recent call last):
  File "Actions/checkin.py", line 81, in <module>
    csrfToken = csrfToken.pop().attrib["content"]
IndexError: pop from empty list

:.:.:.:.: Finally :.:.:.:.:
[info] Notification sended at 2022-02-14 07:08:53 Monday
[info] Task Finished at 2022-02-14 07:08:53 Monday
============================

============================
[debug] Begin to login ...

[error] :.:.:.:.: Except return :.:.:.:.:
[error] Python Error: 
 Traceback (most recent call last):
  File "Actions/checkin.py", line 81, in <module>
    csrfToken = csrfToken.pop().attrib["content"]
IndexError: pop from empty list

:.:.:.:.: Finally :.:.:.:.:
[info] Notification sended at 2022-02-14 08:33:32 Monday
[info] Task Finished at 2022-02-14 08:33:32 Monday
============================

============================
[debug] Begin to login ...

[error] :.:.:.:.: Except return :.:.:.:.:
[error] Python Error: 
 Traceback (most recent call last):
  File "Actions/checkin.py", line 81, in <module>
    csrfToken = csrfToken.pop().attrib["content"]
IndexError: pop from empty list

:.:.:.:.: Finally :.:.:.:.:
[info] Notification sended at 2022-02-15 07:09:00 Tuesday
[info] Task Finished at 2022-02-15 07:09:00 Tuesday
============================

============================
[debug] Begin to login ...

[error] :.:.:.:.: Except return :.:.:.:.:
[error] Python Error: 
 Traceback (most recent call last):
  File "Actions/checkin.py", line 81, in <module>
    csrfToken = csrfToken.pop().attrib["content"]
IndexError: pop from empty list

:.:.:.:.: Finally :.:.:.:.:
[info] Notification sended at 2022-02-15 08:38:02 Tuesday
[info] Task Finished at 2022-02-15 08:38:02 Tuesday
============================

============================
[debug] Begin to login ...

[error] :.:.:.:.: Except return :.:.:.:.:
[error] Python Error: 
 Traceback (most recent call last):
  File "Actions/checkin.py", line 81, in <module>
    csrfToken = csrfToken.pop().attrib["content"]
IndexError: pop from empty list

:.:.:.:.: Finally :.:.:.:.:
[info] Notification sended at 2022-02-16 07:09:30 Wednesday
[info] Task Finished at 2022-02-16 07:09:30 Wednesday
============================

============================
[debug] Begin to login ...

[error] :.:.:.:.: Except return :.:.:.:.:
[error] Python Error: 
 Traceback (most recent call last):
  File "Actions/checkin.py", line 81, in <module>
    csrfToken = csrfToken.pop().attrib["content"]
IndexError: pop from empty list

:.:.:.:.: Finally :.:.:.:.:
[info] Notification sended at 2022-02-16 08:34:16 Wednesday
[info] Task Finished at 2022-02-16 08:34:16 Wednesday
============================

============================
[debug] Begin to login ...

[error] :.:.:.:.: Except return :.:.:.:.:
[error] Python Error: 
 Traceback (most recent call last):
  File "Actions/checkin.py", line 81, in <module>
    csrfToken = csrfToken.pop().attrib["content"]
IndexError: pop from empty list

:.:.:.:.: Finally :.:.:.:.:
[info] Notification sended at 2022-02-17 07:09:18 Thursday
[info] Task Finished at 2022-02-17 07:09:18 Thursday
============================

============================
[debug] Begin to login ...

[error] :.:.:.:.: Except return :.:.:.:.:
[error] Python Error: 
 Traceback (most recent call last):
  File "Actions/checkin.py", line 81, in <module>
    csrfToken = csrfToken.pop().attrib["content"]
IndexError: pop from empty list

:.:.:.:.: Finally :.:.:.:.:
[info] Notification sended at 2022-02-17 08:32:10 Thursday
[info] Task Finished at 2022-02-17 08:32:10 Thursday
============================

============================
[debug] Begin to login ...

[error] :.:.:.:.: Except return :.:.:.:.:
[error] Python Error: 
 Traceback (most recent call last):
  File "Actions/checkin.py", line 81, in <module>
    csrfToken = csrfToken.pop().attrib["content"]
IndexError: pop from empty list

:.:.:.:.: Finally :.:.:.:.:
[info] Notification sended at 2022-02-18 07:09:12 Friday
[info] Task Finished at 2022-02-18 07:09:12 Friday
============================

============================
[debug] Begin to login ...

[error] :.:.:.:.: Except return :.:.:.:.:
[error] Python Error: 
 Traceback (most recent call last):
  File "Actions/checkin.py", line 81, in <module>
    csrfToken = csrfToken.pop().attrib["content"]
IndexError: pop from empty list

:.:.:.:.: Finally :.:.:.:.:
[info] Notification sended at 2022-02-18 08:39:24 Friday
[info] Task Finished at 2022-02-18 08:39:24 Friday
============================

============================
[debug] Begin to login ...

[error] :.:.:.:.: Except return :.:.:.:.:
[error] Python Error: 
 Traceback (most recent call last):
  File "Actions/checkin.py", line 81, in <module>
    csrfToken = csrfToken.pop().attrib["content"]
IndexError: pop from empty list

:.:.:.:.: Finally :.:.:.:.:
[info] Notification sended at 2022-02-19 07:09:14 Saturday
[info] Task Finished at 2022-02-19 07:09:14 Saturday
============================

============================
[debug] Begin to login ...

[error] :.:.:.:.: Except return :.:.:.:.:
[error] Python Error: 
 Traceback (most recent call last):
  File "Actions/checkin.py", line 81, in <module>
    csrfToken = csrfToken.pop().attrib["content"]
IndexError: pop from empty list

:.:.:.:.: Finally :.:.:.:.:
[info] Notification sended at 2022-02-19 08:39:02 Saturday
[info] Task Finished at 2022-02-19 08:39:02 Saturday
============================

============================
[debug] Begin to login ...

[error] :.:.:.:.: Except return :.:.:.:.:
[error] Python Error: 
 Traceback (most recent call last):
  File "Actions/checkin.py", line 81, in <module>
    csrfToken = csrfToken.pop().attrib["content"]
IndexError: pop from empty list

:.:.:.:.: Finally :.:.:.:.:
[info] Notification sended at 2022-02-20 07:09:22 Sunday
[info] Task Finished at 2022-02-20 07:09:22 Sunday
============================

============================
[debug] Begin to login ...

[error] :.:.:.:.: Except return :.:.:.:.:
[error] Python Error: 
 Traceback (most recent call last):
  File "Actions/checkin.py", line 81, in <module>
    csrfToken = csrfToken.pop().attrib["content"]
IndexError: pop from empty list

:.:.:.:.: Finally :.:.:.:.:
[info] Notification sended at 2022-02-20 08:42:06 Sunday
[info] Task Finished at 2022-02-20 08:42:06 Sunday
============================

============================
[debug] Begin to login ...

[error] :.:.:.:.: Except return :.:.:.:.:
[error] Python Error: 
 Traceback (most recent call last):
  File "Actions/checkin.py", line 81, in <module>
    csrfToken = csrfToken.pop().attrib["content"]
IndexError: pop from empty list

:.:.:.:.: Finally :.:.:.:.:
[info] Notification sended at 2022-02-21 07:09:10 Monday
[info] Task Finished at 2022-02-21 07:09:10 Monday
============================

============================
[debug] Begin to login ...

[error] :.:.:.:.: Except return :.:.:.:.:
[error] Python Error: 
 Traceback (most recent call last):
  File "Actions/checkin.py", line 81, in <module>
    csrfToken = csrfToken.pop().attrib["content"]
IndexError: pop from empty list

:.:.:.:.: Finally :.:.:.:.:
[info] Notification sended at 2022-02-21 08:36:40 Monday
[info] Task Finished at 2022-02-21 08:36:40 Monday
============================

============================
[debug] Begin to login ...

[error] :.:.:.:.: Except return :.:.:.:.:
[error] Python Error: 
 Traceback (most recent call last):
  File "Actions/checkin.py", line 81, in <module>
    csrfToken = csrfToken.pop().attrib["content"]
IndexError: pop from empty list

:.:.:.:.: Finally :.:.:.:.:
[info] Notification sended at 2022-02-22 07:10:06 Tuesday
[info] Task Finished at 2022-02-22 07:10:06 Tuesday
============================

============================
[debug] Begin to login ...

[error] :.:.:.:.: Except return :.:.:.:.:
[error] Python Error: 
 Traceback (most recent call last):
  File "Actions/checkin.py", line 81, in <module>
    csrfToken = csrfToken.pop().attrib["content"]
IndexError: pop from empty list

:.:.:.:.: Finally :.:.:.:.:
[info] Notification sended at 2022-02-22 08:36:57 Tuesday
[info] Task Finished at 2022-02-22 08:36:57 Tuesday
============================

============================
[debug] Begin to login ...

[error] :.:.:.:.: Except return :.:.:.:.:
[error] Python Error: 
 Traceback (most recent call last):
  File "Actions/checkin.py", line 81, in <module>
    csrfToken = csrfToken.pop().attrib["content"]
IndexError: pop from empty list

:.:.:.:.: Finally :.:.:.:.:
[info] Notification sended at 2022-02-23 07:10:23 Wednesday
[info] Task Finished at 2022-02-23 07:10:23 Wednesday
============================

============================
[debug] Begin to login ...

[error] :.:.:.:.: Except return :.:.:.:.:
[error] Python Error: 
 Traceback (most recent call last):
  File "Actions/checkin.py", line 81, in <module>
    csrfToken = csrfToken.pop().attrib["content"]
IndexError: pop from empty list

:.:.:.:.: Finally :.:.:.:.:
[info] Notification sended at 2022-02-23 08:41:42 Wednesday
[info] Task Finished at 2022-02-23 08:41:42 Wednesday
============================

============================
[debug] Begin to login ...

[error] :.:.:.:.: Except return :.:.:.:.:
[error] Python Error: 
 Traceback (most recent call last):
  File "Actions/checkin.py", line 81, in <module>
    csrfToken = csrfToken.pop().attrib["content"]
IndexError: pop from empty list

:.:.:.:.: Finally :.:.:.:.:
[info] Notification sended at 2022-02-24 07:10:11 Thursday
[info] Task Finished at 2022-02-24 07:10:11 Thursday
============================

============================
[debug] Begin to login ...

[error] :.:.:.:.: Except return :.:.:.:.:
[error] Python Error: 
 Traceback (most recent call last):
  File "Actions/checkin.py", line 81, in <module>
    csrfToken = csrfToken.pop().attrib["content"]
IndexError: pop from empty list

:.:.:.:.: Finally :.:.:.:.:
[info] Notification sended at 2022-02-24 08:39:24 Thursday
[info] Task Finished at 2022-02-24 08:39:24 Thursday
============================

============================
[debug] Begin to login ...

[error] :.:.:.:.: Except return :.:.:.:.:
[error] Python Error: 
 Traceback (most recent call last):
  File "Actions/checkin.py", line 81, in <module>
    csrfToken = csrfToken.pop().attrib["content"]
IndexError: pop from empty list

:.:.:.:.: Finally :.:.:.:.:
[info] Notification sended at 2022-02-25 07:10:19 Friday
[info] Task Finished at 2022-02-25 07:10:19 Friday
============================

============================
[debug] Begin to login ...

[error] :.:.:.:.: Except return :.:.:.:.:
[error] Python Error: 
 Traceback (most recent call last):
  File "Actions/checkin.py", line 81, in <module>
    csrfToken = csrfToken.pop().attrib["content"]
IndexError: pop from empty list

:.:.:.:.: Finally :.:.:.:.:
[info] Notification sended at 2022-02-25 08:39:50 Friday
[info] Task Finished at 2022-02-25 08:39:50 Friday
============================

============================
[debug] Begin to login ...

[error] :.:.:.:.: Except return :.:.:.:.:
[error] Python Error: 
 Traceback (most recent call last):
  File "Actions/checkin.py", line 81, in <module>
    csrfToken = csrfToken.pop().attrib["content"]
IndexError: pop from empty list

:.:.:.:.: Finally :.:.:.:.:
[info] Notification sended at 2022-02-26 07:09:56 Saturday
[info] Task Finished at 2022-02-26 07:09:56 Saturday
============================

============================
[debug] Begin to login ...

[error] :.:.:.:.: Except return :.:.:.:.:
[error] Python Error: 
 Traceback (most recent call last):
  File "Actions/checkin.py", line 81, in <module>
    csrfToken = csrfToken.pop().attrib["content"]
IndexError: pop from empty list

:.:.:.:.: Finally :.:.:.:.:
[info] Notification sended at 2022-02-26 08:36:33 Saturday
[info] Task Finished at 2022-02-26 08:36:33 Saturday
============================

============================
[debug] Begin to login ...

[error] :.:.:.:.: Except return :.:.:.:.:
[error] Python Error: 
 Traceback (most recent call last):
  File "Actions/checkin.py", line 81, in <module>
    csrfToken = csrfToken.pop().attrib["content"]
IndexError: pop from empty list

:.:.:.:.: Finally :.:.:.:.:
[info] Notification sended at 2022-02-27 07:09:37 Sunday
[info] Task Finished at 2022-02-27 07:09:37 Sunday
============================

============================
[debug] Begin to login ...

[error] :.:.:.:.: Except return :.:.:.:.:
[error] Python Error: 
 Traceback (most recent call last):
  File "Actions/checkin.py", line 81, in <module>
    csrfToken = csrfToken.pop().attrib["content"]
IndexError: pop from empty list

:.:.:.:.: Finally :.:.:.:.:
[info] Notification sended at 2022-02-27 08:41:21 Sunday
[info] Task Finished at 2022-02-27 08:41:21 Sunday
============================

============================
[debug] Begin to login ...

[error] :.:.:.:.: Except return :.:.:.:.:
[error] Python Error: 
 Traceback (most recent call last):
  File "Actions/checkin.py", line 81, in <module>
    csrfToken = csrfToken.pop().attrib["content"]
IndexError: pop from empty list

:.:.:.:.: Finally :.:.:.:.:
[info] Notification sended at 2022-02-28 07:09:34 Monday
[info] Task Finished at 2022-02-28 07:09:34 Monday
============================

============================
[debug] Begin to login ...

[error] :.:.:.:.: Except return :.:.:.:.:
[error] Python Error: 
 Traceback (most recent call last):
  File "Actions/checkin.py", line 81, in <module>
    csrfToken = csrfToken.pop().attrib["content"]
IndexError: pop from empty list

:.:.:.:.: Finally :.:.:.:.:
[info] Notification sended at 2022-02-28 08:40:24 Monday
[info] Task Finished at 2022-02-28 08:40:24 Monday
============================

============================
[debug] Begin to login ...

[error] :.:.:.:.: Except return :.:.:.:.:
[error] Python Error: 
 Traceback (most recent call last):
  File "Actions/checkin.py", line 81, in <module>
    csrfToken = csrfToken.pop().attrib["content"]
IndexError: pop from empty list

:.:.:.:.: Finally :.:.:.:.:
[info] Notification sended at 2022-03-01 07:10:37 Tuesday
[info] Task Finished at 2022-03-01 07:10:37 Tuesday
============================

============================
[debug] Begin to login ...

[error] :.:.:.:.: Except return :.:.:.:.:
[error] Python Error: 
 Traceback (most recent call last):
  File "Actions/checkin.py", line 81, in <module>
    csrfToken = csrfToken.pop().attrib["content"]
IndexError: pop from empty list

:.:.:.:.: Finally :.:.:.:.:
[info] Notification sended at 2022-03-01 08:43:34 Tuesday
[info] Task Finished at 2022-03-01 08:43:34 Tuesday
============================

============================
[debug] Begin to login ...

[error] :.:.:.:.: Except return :.:.:.:.:
[error] Python Error: 
 Traceback (most recent call last):
  File "Actions/checkin.py", line 81, in <module>
    csrfToken = csrfToken.pop().attrib["content"]
IndexError: pop from empty list

:.:.:.:.: Finally :.:.:.:.:
[info] Notification sended at 2022-03-02 07:09:53 Wednesday
[info] Task Finished at 2022-03-02 07:09:53 Wednesday
============================

============================
[debug] Begin to login ...

[error] :.:.:.:.: Except return :.:.:.:.:
[error] Python Error: 
 Traceback (most recent call last):
  File "Actions/checkin.py", line 81, in <module>
    csrfToken = csrfToken.pop().attrib["content"]
IndexError: pop from empty list

:.:.:.:.: Finally :.:.:.:.:
[info] Notification sended at 2022-03-02 08:42:28 Wednesday
[info] Task Finished at 2022-03-02 08:42:28 Wednesday
============================

============================
[debug] Begin to login ...

[error] :.:.:.:.: Except return :.:.:.:.:
[error] Python Error: 
 Traceback (most recent call last):
  File "Actions/checkin.py", line 81, in <module>
    csrfToken = csrfToken.pop().attrib["content"]
IndexError: pop from empty list

:.:.:.:.: Finally :.:.:.:.:
[info] Notification sended at 2022-03-03 07:09:35 Thursday
[info] Task Finished at 2022-03-03 07:09:35 Thursday
============================

============================
[debug] Begin to login ...

[error] :.:.:.:.: Except return :.:.:.:.:
[error] Python Error: 
 Traceback (most recent call last):
  File "Actions/checkin.py", line 81, in <module>
    csrfToken = csrfToken.pop().attrib["content"]
IndexError: pop from empty list

:.:.:.:.: Finally :.:.:.:.:
[info] Notification sended at 2022-03-03 08:41:32 Thursday
[info] Task Finished at 2022-03-03 08:41:32 Thursday
============================

============================
[debug] Begin to login ...

[error] :.:.:.:.: Except return :.:.:.:.:
[error] Python Error: 
 Traceback (most recent call last):
  File "Actions/checkin.py", line 81, in <module>
    csrfToken = csrfToken.pop().attrib["content"]
IndexError: pop from empty list

:.:.:.:.: Finally :.:.:.:.:
[info] Notification sended at 2022-03-04 07:09:35 Friday
[info] Task Finished at 2022-03-04 07:09:35 Friday
============================

============================
[debug] Begin to login ...

[error] :.:.:.:.: Except return :.:.:.:.:
[error] Python Error: 
 Traceback (most recent call last):
  File "Actions/checkin.py", line 81, in <module>
    csrfToken = csrfToken.pop().attrib["content"]
IndexError: pop from empty list

:.:.:.:.: Finally :.:.:.:.:
[info] Notification sended at 2022-03-04 08:45:57 Friday
[info] Task Finished at 2022-03-04 08:45:57 Friday
============================

============================
[debug] Begin to login ...

[error] :.:.:.:.: Except return :.:.:.:.:
[error] Python Error: 
 Traceback (most recent call last):
  File "Actions/checkin.py", line 81, in <module>
    csrfToken = csrfToken.pop().attrib["content"]
IndexError: pop from empty list

:.:.:.:.: Finally :.:.:.:.:
[info] Notification sended at 2022-03-05 07:09:46 Saturday
[info] Task Finished at 2022-03-05 07:09:46 Saturday
============================

============================
[debug] Begin to login ...

[error] :.:.:.:.: Except return :.:.:.:.:
[error] Python Error: 
 Traceback (most recent call last):
  File "Actions/checkin.py", line 81, in <module>
    csrfToken = csrfToken.pop().attrib["content"]
IndexError: pop from empty list

:.:.:.:.: Finally :.:.:.:.:
[info] Notification sended at 2022-03-05 08:42:37 Saturday
[info] Task Finished at 2022-03-05 08:42:37 Saturday
============================

============================
[debug] Begin to login ...

[error] :.:.:.:.: Except return :.:.:.:.:
[error] Python Error: 
 Traceback (most recent call last):
  File "Actions/checkin.py", line 81, in <module>
    csrfToken = csrfToken.pop().attrib["content"]
IndexError: pop from empty list

:.:.:.:.: Finally :.:.:.:.:
[info] Notification sended at 2022-03-06 07:09:05 Sunday
[info] Task Finished at 2022-03-06 07:09:05 Sunday
============================

============================
[debug] Begin to login ...

[error] :.:.:.:.: Except return :.:.:.:.:
[error] Python Error: 
 Traceback (most recent call last):
  File "Actions/checkin.py", line 81, in <module>
    csrfToken = csrfToken.pop().attrib["content"]
IndexError: pop from empty list

:.:.:.:.: Finally :.:.:.:.:
[info] Notification sended at 2022-03-06 08:40:14 Sunday
[info] Task Finished at 2022-03-06 08:40:14 Sunday
============================

============================
[debug] Begin to login ...

[error] :.:.:.:.: Except return :.:.:.:.:
[error] Python Error: 
 Traceback (most recent call last):
  File "Actions/checkin.py", line 81, in <module>
    csrfToken = csrfToken.pop().attrib["content"]
IndexError: pop from empty list

:.:.:.:.: Finally :.:.:.:.:
[info] Notification sended at 2022-03-07 07:10:23 Monday
[info] Task Finished at 2022-03-07 07:10:23 Monday
============================

============================
[debug] Begin to login ...

[error] :.:.:.:.: Except return :.:.:.:.:
[error] Python Error: 
 Traceback (most recent call last):
  File "Actions/checkin.py", line 81, in <module>
    csrfToken = csrfToken.pop().attrib["content"]
IndexError: pop from empty list

:.:.:.:.: Finally :.:.:.:.:
[info] Notification sended at 2022-03-07 08:40:44 Monday
[info] Task Finished at 2022-03-07 08:40:44 Monday
============================

============================
[debug] Begin to login ...

[error] :.:.:.:.: Except return :.:.:.:.:
[error] Python Error: 
 Traceback (most recent call last):
  File "Actions/checkin.py", line 81, in <module>
    csrfToken = csrfToken.pop().attrib["content"]
IndexError: pop from empty list

:.:.:.:.: Finally :.:.:.:.:
[info] Notification sended at 2022-03-08 07:09:41 Tuesday
[info] Task Finished at 2022-03-08 07:09:41 Tuesday
============================

============================
[debug] Begin to login ...

[error] :.:.:.:.: Except return :.:.:.:.:
[error] Python Error: 
 Traceback (most recent call last):
  File "Actions/checkin.py", line 81, in <module>
    csrfToken = csrfToken.pop().attrib["content"]
IndexError: pop from empty list

:.:.:.:.: Finally :.:.:.:.:
[info] Notification sended at 2022-03-08 08:38:47 Tuesday
[info] Task Finished at 2022-03-08 08:38:47 Tuesday
============================

============================
[debug] Begin to login ...

[error] :.:.:.:.: Except return :.:.:.:.:
[error] Python Error: 
 Traceback (most recent call last):
  File "Actions/checkin.py", line 81, in <module>
    csrfToken = csrfToken.pop().attrib["content"]
IndexError: pop from empty list

:.:.:.:.: Finally :.:.:.:.:
[info] Notification sended at 2022-03-09 07:09:49 Wednesday
[info] Task Finished at 2022-03-09 07:09:49 Wednesday
============================

============================
[debug] Begin to login ...

[error] :.:.:.:.: Except return :.:.:.:.:
[error] Python Error: 
 Traceback (most recent call last):
  File "Actions/checkin.py", line 81, in <module>
    csrfToken = csrfToken.pop().attrib["content"]
IndexError: pop from empty list

:.:.:.:.: Finally :.:.:.:.:
[info] Notification sended at 2022-03-09 08:40:25 Wednesday
[info] Task Finished at 2022-03-09 08:40:25 Wednesday
============================

============================
[debug] Begin to login ...

[error] :.:.:.:.: Except return :.:.:.:.:
[error] Python Error: 
 Traceback (most recent call last):
  File "Actions/checkin.py", line 81, in <module>
    csrfToken = csrfToken.pop().attrib["content"]
IndexError: pop from empty list

:.:.:.:.: Finally :.:.:.:.:
[info] Notification sended at 2022-03-10 07:09:51 Thursday
[info] Task Finished at 2022-03-10 07:09:51 Thursday
============================

============================
[debug] Begin to login ...

[error] :.:.:.:.: Except return :.:.:.:.:
[error] Python Error: 
 Traceback (most recent call last):
  File "Actions/checkin.py", line 81, in <module>
    csrfToken = csrfToken.pop().attrib["content"]
IndexError: pop from empty list

:.:.:.:.: Finally :.:.:.:.:
[info] Notification sended at 2022-03-10 08:42:03 Thursday
[info] Task Finished at 2022-03-10 08:42:03 Thursday
============================

============================
[debug] Begin to login ...

[error] :.:.:.:.: Except return :.:.:.:.:
[error] Python Error: 
 Traceback (most recent call last):
  File "Actions/checkin.py", line 81, in <module>
    csrfToken = csrfToken.pop().attrib["content"]
IndexError: pop from empty list

:.:.:.:.: Finally :.:.:.:.:
[info] Notification sended at 2022-03-11 07:10:25 Friday
[info] Task Finished at 2022-03-11 07:10:25 Friday
============================

============================
[debug] Begin to login ...

[error] :.:.:.:.: Except return :.:.:.:.:
[error] Python Error: 
 Traceback (most recent call last):
  File "Actions/checkin.py", line 81, in <module>
    csrfToken = csrfToken.pop().attrib["content"]
IndexError: pop from empty list

:.:.:.:.: Finally :.:.:.:.:
[info] Notification sended at 2022-03-11 08:43:34 Friday
[info] Task Finished at 2022-03-11 08:43:34 Friday
============================

============================
[debug] Begin to login ...

[error] :.:.:.:.: Except return :.:.:.:.:
[error] Python Error: 
 Traceback (most recent call last):
  File "Actions/checkin.py", line 81, in <module>
    csrfToken = csrfToken.pop().attrib["content"]
IndexError: pop from empty list

:.:.:.:.: Finally :.:.:.:.:
[info] Notification sended at 2022-03-12 07:09:40 Saturday
[info] Task Finished at 2022-03-12 07:09:40 Saturday
============================

============================
[debug] Begin to login ...

[error] :.:.:.:.: Except return :.:.:.:.:
[error] Python Error: 
 Traceback (most recent call last):
  File "Actions/checkin.py", line 81, in <module>
    csrfToken = csrfToken.pop().attrib["content"]
IndexError: pop from empty list

:.:.:.:.: Finally :.:.:.:.:
[info] Notification sended at 2022-03-12 08:38:08 Saturday
[info] Task Finished at 2022-03-12 08:38:08 Saturday
============================

============================
[debug] Begin to login ...

[error] :.:.:.:.: Except return :.:.:.:.:
[error] Python Error: 
 Traceback (most recent call last):
  File "Actions/checkin.py", line 81, in <module>
    csrfToken = csrfToken.pop().attrib["content"]
IndexError: pop from empty list

:.:.:.:.: Finally :.:.:.:.:
[info] Notification sended at 2022-03-13 07:09:19 Sunday
[info] Task Finished at 2022-03-13 07:09:19 Sunday
============================

============================
[debug] Begin to login ...

[error] :.:.:.:.: Except return :.:.:.:.:
[error] Python Error: 
 Traceback (most recent call last):
  File "Actions/checkin.py", line 81, in <module>
    csrfToken = csrfToken.pop().attrib["content"]
IndexError: pop from empty list

:.:.:.:.: Finally :.:.:.:.:
[info] Notification sended at 2022-03-13 08:39:20 Sunday
[info] Task Finished at 2022-03-13 08:39:20 Sunday
============================

============================
[debug] Begin to login ...

[error] :.:.:.:.: Except return :.:.:.:.:
[error] Python Error: 
 Traceback (most recent call last):
  File "Actions/checkin.py", line 81, in <module>
    csrfToken = csrfToken.pop().attrib["content"]
IndexError: pop from empty list

:.:.:.:.: Finally :.:.:.:.:
[info] Notification sended at 2022-03-14 07:10:36 Monday
[info] Task Finished at 2022-03-14 07:10:36 Monday
============================

============================
[debug] Begin to login ...

[error] :.:.:.:.: Except return :.:.:.:.:
[error] Python Error: 
 Traceback (most recent call last):
  File "Actions/checkin.py", line 81, in <module>
    csrfToken = csrfToken.pop().attrib["content"]
IndexError: pop from empty list

:.:.:.:.: Finally :.:.:.:.:
[info] Notification sended at 2022-03-14 08:42:26 Monday
[info] Task Finished at 2022-03-14 08:42:26 Monday
============================

============================
[debug] Begin to login ...

[error] :.:.:.:.: Except return :.:.:.:.:
[error] Python Error: 
 Traceback (most recent call last):
  File "Actions/checkin.py", line 81, in <module>
    csrfToken = csrfToken.pop().attrib["content"]
IndexError: pop from empty list

:.:.:.:.: Finally :.:.:.:.:
[info] Notification sended at 2022-03-15 07:10:52 Tuesday
[info] Task Finished at 2022-03-15 07:10:52 Tuesday
============================

============================
[debug] Begin to login ...

[error] :.:.:.:.: Except return :.:.:.:.:
[error] Python Error: 
 Traceback (most recent call last):
  File "Actions/checkin.py", line 81, in <module>
    csrfToken = csrfToken.pop().attrib["content"]
IndexError: pop from empty list

:.:.:.:.: Finally :.:.:.:.:
[info] Notification sended at 2022-03-15 08:42:10 Tuesday
[info] Task Finished at 2022-03-15 08:42:10 Tuesday
============================

============================
[debug] Begin to login ...

[error] :.:.:.:.: Except return :.:.:.:.:
[error] Python Error: 
 Traceback (most recent call last):
  File "Actions/checkin.py", line 81, in <module>
    csrfToken = csrfToken.pop().attrib["content"]
IndexError: pop from empty list

:.:.:.:.: Finally :.:.:.:.:
[info] Notification sended at 2022-03-16 07:10:26 Wednesday
[info] Task Finished at 2022-03-16 07:10:26 Wednesday
============================

============================
[debug] Begin to login ...

[error] :.:.:.:.: Except return :.:.:.:.:
[error] Python Error: 
 Traceback (most recent call last):
  File "Actions/checkin.py", line 81, in <module>
    csrfToken = csrfToken.pop().attrib["content"]
IndexError: pop from empty list

:.:.:.:.: Finally :.:.:.:.:
[info] Notification sended at 2022-03-16 08:42:31 Wednesday
[info] Task Finished at 2022-03-16 08:42:31 Wednesday
============================

============================
[debug] Begin to login ...

[error] :.:.:.:.: Except return :.:.:.:.:
[error] Python Error: 
 Traceback (most recent call last):
  File "Actions/checkin.py", line 81, in <module>
    csrfToken = csrfToken.pop().attrib["content"]
IndexError: pop from empty list

:.:.:.:.: Finally :.:.:.:.:
[info] Notification sended at 2022-03-17 07:10:10 Thursday
[info] Task Finished at 2022-03-17 07:10:10 Thursday
============================

============================
[debug] Begin to login ...

[error] :.:.:.:.: Except return :.:.:.:.:
[error] Python Error: 
 Traceback (most recent call last):
  File "Actions/checkin.py", line 81, in <module>
    csrfToken = csrfToken.pop().attrib["content"]
IndexError: pop from empty list

:.:.:.:.: Finally :.:.:.:.:
[info] Notification sended at 2022-03-17 08:44:11 Thursday
[info] Task Finished at 2022-03-17 08:44:11 Thursday
============================

============================
[debug] Begin to login ...

[error] :.:.:.:.: Except return :.:.:.:.:
[error] Python Error: 
 Traceback (most recent call last):
  File "Actions/checkin.py", line 81, in <module>
    csrfToken = csrfToken.pop().attrib["content"]
IndexError: pop from empty list

:.:.:.:.: Finally :.:.:.:.:
[info] Notification sended at 2022-03-18 07:14:35 Friday
[info] Task Finished at 2022-03-18 07:14:35 Friday
============================

============================
[debug] Begin to login ...

[error] :.:.:.:.: Except return :.:.:.:.:
[error] Python Error: 
 Traceback (most recent call last):
  File "Actions/checkin.py", line 81, in <module>
    csrfToken = csrfToken.pop().attrib["content"]
IndexError: pop from empty list

:.:.:.:.: Finally :.:.:.:.:
[info] Notification sended at 2022-03-18 09:22:29 Friday
[info] Task Finished at 2022-03-18 09:22:29 Friday
============================

============================
[debug] Begin to login ...

[error] :.:.:.:.: Except return :.:.:.:.:
[error] Python Error: 
 Traceback (most recent call last):
  File "Actions/checkin.py", line 81, in <module>
    csrfToken = csrfToken.pop().attrib["content"]
IndexError: pop from empty list

:.:.:.:.: Finally :.:.:.:.:
[info] Notification sended at 2022-03-19 07:10:13 Saturday
[info] Task Finished at 2022-03-19 07:10:13 Saturday
============================

============================
[debug] Begin to login ...

[error] :.:.:.:.: Except return :.:.:.:.:
[error] Python Error: 
 Traceback (most recent call last):
  File "Actions/checkin.py", line 81, in <module>
    csrfToken = csrfToken.pop().attrib["content"]
IndexError: pop from empty list

:.:.:.:.: Finally :.:.:.:.:
[info] Notification sended at 2022-03-19 08:39:51 Saturday
[info] Task Finished at 2022-03-19 08:39:51 Saturday
============================

============================
[debug] Begin to login ...

[error] :.:.:.:.: Except return :.:.:.:.:
[error] Python Error: 
 Traceback (most recent call last):
  File "Actions/checkin.py", line 81, in <module>
    csrfToken = csrfToken.pop().attrib["content"]
IndexError: pop from empty list

:.:.:.:.: Finally :.:.:.:.:
[info] Notification sended at 2022-03-20 07:09:54 Sunday
[info] Task Finished at 2022-03-20 07:09:54 Sunday
============================

============================
[debug] Begin to login ...

[error] :.:.:.:.: Except return :.:.:.:.:
[error] Python Error: 
 Traceback (most recent call last):
  File "Actions/checkin.py", line 81, in <module>
    csrfToken = csrfToken.pop().attrib["content"]
IndexError: pop from empty list

:.:.:.:.: Finally :.:.:.:.:
[info] Notification sended at 2022-03-20 08:41:18 Sunday
[info] Task Finished at 2022-03-20 08:41:18 Sunday
============================

============================
[debug] Begin to login ...

[error] :.:.:.:.: Except return :.:.:.:.:
[error] Python Error: 
 Traceback (most recent call last):
  File "Actions/checkin.py", line 81, in <module>
    csrfToken = csrfToken.pop().attrib["content"]
IndexError: pop from empty list

:.:.:.:.: Finally :.:.:.:.:
[info] Notification sended at 2022-03-21 07:10:07 Monday
[info] Task Finished at 2022-03-21 07:10:07 Monday
============================

============================
[debug] Begin to login ...

[error] :.:.:.:.: Except return :.:.:.:.:
[error] Python Error: 
 Traceback (most recent call last):
  File "Actions/checkin.py", line 81, in <module>
    csrfToken = csrfToken.pop().attrib["content"]
IndexError: pop from empty list

:.:.:.:.: Finally :.:.:.:.:
[info] Notification sended at 2022-03-21 08:41:17 Monday
[info] Task Finished at 2022-03-21 08:41:17 Monday
============================

============================
[debug] Begin to login ...

[error] :.:.:.:.: Except return :.:.:.:.:
[error] Python Error: 
 Traceback (most recent call last):
  File "Actions/checkin.py", line 81, in <module>
    csrfToken = csrfToken.pop().attrib["content"]
IndexError: pop from empty list

:.:.:.:.: Finally :.:.:.:.:
[info] Notification sended at 2022-03-22 07:10:22 Tuesday
[info] Task Finished at 2022-03-22 07:10:22 Tuesday
============================

============================
[debug] Begin to login ...

[error] :.:.:.:.: Except return :.:.:.:.:
[error] Python Error: 
 Traceback (most recent call last):
  File "Actions/checkin.py", line 81, in <module>
    csrfToken = csrfToken.pop().attrib["content"]
IndexError: pop from empty list

:.:.:.:.: Finally :.:.:.:.:
[info] Notification sended at 2022-03-22 08:43:16 Tuesday
[info] Task Finished at 2022-03-22 08:43:16 Tuesday
============================

============================
[debug] Begin to login ...

[error] :.:.:.:.: Except return :.:.:.:.:
[error] Python Error: 
 Traceback (most recent call last):
  File "Actions/checkin.py", line 81, in <module>
    csrfToken = csrfToken.pop().attrib["content"]
IndexError: pop from empty list

:.:.:.:.: Finally :.:.:.:.:
[info] Notification sended at 2022-03-23 07:11:54 Wednesday
[info] Task Finished at 2022-03-23 07:11:54 Wednesday
============================

============================
[debug] Begin to login ...

[error] :.:.:.:.: Except return :.:.:.:.:
[error] Python Error: 
 Traceback (most recent call last):
  File "Actions/checkin.py", line 81, in <module>
    csrfToken = csrfToken.pop().attrib["content"]
IndexError: pop from empty list

:.:.:.:.: Finally :.:.:.:.:
[info] Notification sended at 2022-03-23 08:47:57 Wednesday
[info] Task Finished at 2022-03-23 08:47:57 Wednesday
============================

============================
[debug] Begin to login ...

[error] :.:.:.:.: Except return :.:.:.:.:
[error] Python Error: 
 Traceback (most recent call last):
  File "Actions/checkin.py", line 81, in <module>
    csrfToken = csrfToken.pop().attrib["content"]
IndexError: pop from empty list

:.:.:.:.: Finally :.:.:.:.:
[info] Notification sended at 2022-03-24 07:12:48 Thursday
[info] Task Finished at 2022-03-24 07:12:48 Thursday
============================

============================
[debug] Begin to login ...

[error] :.:.:.:.: Except return :.:.:.:.:
[error] Python Error: 
 Traceback (most recent call last):
  File "Actions/checkin.py", line 81, in <module>
    csrfToken = csrfToken.pop().attrib["content"]
IndexError: pop from empty list

:.:.:.:.: Finally :.:.:.:.:
[info] Notification sended at 2022-03-24 08:44:48 Thursday
[info] Task Finished at 2022-03-24 08:44:48 Thursday
============================

